<?xml version="1.0" encoding="UTF-8"?>
<coverage generated="1571956596934" clover="3.2.0">
  <project timestamp="1571956596934" name="All files">
    <metrics statements="49" coveredstatements="41" conditionals="9" coveredconditionals="6" methods="26" coveredmethods="7" elements="84" coveredelements="54" complexity="0" loc="49" ncloc="49" packages="4" files="4" classes="4"/>
    <package name="actions">
      <metrics statements="8" coveredstatements="8" conditionals="0" coveredconditionals="0" methods="6" coveredmethods="1"/>
      <file name="index.js" path="/home/adam/Desktop/projects/lenses/src/redux/actions/index.js">
        <metrics statements="8" coveredstatements="8" conditionals="0" coveredconditionals="0" methods="6" coveredmethods="1"/>
        <line num="3" count="2" type="stmt"/>
        <line num="12" count="2" type="stmt"/>
        <line num="13" count="2" type="stmt"/>
        <line num="14" count="2" type="stmt"/>
        <line num="15" count="2" type="stmt"/>
        <line num="16" count="2" type="stmt"/>
        <line num="17" count="2" type="stmt"/>
        <line num="19" count="2" type="stmt"/>
      </file>
    </package>
    <package name="components">
      <metrics statements="26" coveredstatements="18" conditionals="6" coveredconditionals="4" methods="11" coveredmethods="4"/>
      <file name="Subscribe.jsx" path="/home/adam/Desktop/projects/lenses/src/redux/components/Subscribe.jsx">
        <metrics statements="26" coveredstatements="18" conditionals="6" coveredconditionals="4" methods="11" coveredmethods="4"/>
        <line num="11" count="3" type="stmt"/>
        <line num="13" count="3" type="stmt"/>
        <line num="14" count="3" type="stmt"/>
        <line num="15" count="3" type="stmt"/>
        <line num="16" count="3" type="stmt"/>
        <line num="18" count="3" type="stmt"/>
        <line num="24" count="1" type="stmt"/>
        <line num="25" count="1" type="cond" truecount="1" falsecount="1"/>
        <line num="26" count="0" type="stmt"/>
        <line num="31" count="0" type="stmt"/>
        <line num="35" count="0" type="stmt"/>
        <line num="38" count="0" type="stmt"/>
        <line num="42" count="1" type="stmt"/>
        <line num="46" count="0" type="stmt"/>
        <line num="49" count="0" type="stmt"/>
        <line num="53" count="4" type="stmt"/>
        <line num="54" count="4" type="stmt"/>
        <line num="56" count="4" type="stmt"/>
        <line num="58" count="4" type="stmt"/>
        <line num="60" count="0" type="stmt"/>
        <line num="72" count="4" type="stmt"/>
        <line num="106" count="0" type="stmt"/>
        <line num="129" count="1" type="stmt"/>
        <line num="132" count="1" type="stmt"/>
        <line num="137" count="1" type="stmt"/>
        <line num="143" count="1" type="stmt"/>
      </file>
    </package>
    <package name="reducers">
      <metrics statements="14" coveredstatements="14" conditionals="3" coveredconditionals="2" methods="9" coveredmethods="2"/>
      <file name="sessionReducer.js" path="/home/adam/Desktop/projects/lenses/src/redux/reducers/sessionReducer.js">
        <metrics statements="14" coveredstatements="14" conditionals="3" coveredconditionals="2" methods="9" coveredmethods="2"/>
        <line num="5" count="1" type="stmt"/>
        <line num="15" count="1" type="stmt"/>
        <line num="16" count="1" type="stmt"/>
        <line num="17" count="1" type="stmt"/>
        <line num="18" count="1" type="stmt"/>
        <line num="19" count="1" type="stmt"/>
        <line num="20" count="1" type="stmt"/>
        <line num="22" count="1" type="stmt"/>
        <line num="24" count="1" type="stmt"/>
        <line num="26" count="1" type="stmt"/>
        <line num="27" count="1" type="cond" truecount="2" falsecount="1"/>
        <line num="29" count="1" type="stmt"/>
        <line num="34" count="1" type="stmt"/>
        <line num="46" count="1" type="stmt"/>
      </file>
    </package>
    <package name="util">
      <metrics statements="1" coveredstatements="1" conditionals="0" coveredconditionals="0" methods="0" coveredmethods="0"/>
      <file name="index.js" path="/home/adam/Desktop/projects/lenses/src/redux/util/index.js">
        <metrics statements="1" coveredstatements="1" conditionals="0" coveredconditionals="0" methods="0" coveredmethods="0"/>
        <line num="1" count="1" type="stmt"/>
      </file>
    </package>
  </project>
</coverage>
