{"/home/adam/Desktop/projects/lenses/src/redux/actions/index.js": {"path":"/home/adam/Desktop/projects/lenses/src/redux/actions/index.js","statementMap":{"0":{"start":{"line":3,"column":20},"end":{"line":10,"column":2}},"1":{"start":{"line":12,"column":19},"end":{"line":12,"column":69}},"2":{"start":{"line":12,"column":33},"end":{"line":12,"column":68}},"3":{"start":{"line":13,"column":23},"end":{"line":13,"column":78}},"4":{"start":{"line":13,"column":37},"end":{"line":13,"column":77}},"5":{"start":{"line":14,"column":19},"end":{"line":14,"column":69}},"6":{"start":{"line":14,"column":33},"end":{"line":14,"column":68}},"7":{"start":{"line":15,"column":23},"end":{"line":15,"column":77}},"8":{"start":{"line":15,"column":37},"end":{"line":15,"column":76}},"9":{"start":{"line":16,"column":22},"end":{"line":16,"column":59}},"10":{"start":{"line":16,"column":29},"end":{"line":16,"column":58}},"11":{"start":{"line":17,"column":23},"end":{"line":17,"column":78}},"12":{"start":{"line":17,"column":37},"end":{"line":17,"column":77}},"13":{"start":{"line":19,"column":22},"end":{"line":26,"column":1}}},"fnMap":{"0":{"name":"(anonymous_0)","decl":{"start":{"line":12,"column":19},"end":{"line":12,"column":20}},"loc":{"start":{"line":12,"column":33},"end":{"line":12,"column":68}},"line":12},"1":{"name":"(anonymous_1)","decl":{"start":{"line":13,"column":23},"end":{"line":13,"column":24}},"loc":{"start":{"line":13,"column":37},"end":{"line":13,"column":77}},"line":13},"2":{"name":"(anonymous_2)","decl":{"start":{"line":14,"column":19},"end":{"line":14,"column":20}},"loc":{"start":{"line":14,"column":33},"end":{"line":14,"column":68}},"line":14},"3":{"name":"(anonymous_3)","decl":{"start":{"line":15,"column":23},"end":{"line":15,"column":24}},"loc":{"start":{"line":15,"column":37},"end":{"line":15,"column":76}},"line":15},"4":{"name":"(anonymous_4)","decl":{"start":{"line":16,"column":22},"end":{"line":16,"column":23}},"loc":{"start":{"line":16,"column":29},"end":{"line":16,"column":58}},"line":16},"5":{"name":"(anonymous_5)","decl":{"start":{"line":17,"column":23},"end":{"line":17,"column":24}},"loc":{"start":{"line":17,"column":37},"end":{"line":17,"column":77}},"line":17}},"branchMap":{},"s":{"0":2,"1":2,"2":0,"3":2,"4":0,"5":2,"6":0,"7":2,"8":0,"9":2,"10":1,"11":2,"12":0,"13":2},"f":{"0":0,"1":0,"2":0,"3":0,"4":1,"5":0},"b":{},"_coverageSchema":"43e27e138ebf9cfc5966b082cf9a028302ed4184","hash":"60cf09023872e8d10ae40700066056ea3336d85d"}
,"/home/adam/Desktop/projects/lenses/src/redux/components/Subscribe.jsx": {"path":"/home/adam/Desktop/projects/lenses/src/redux/components/Subscribe.jsx","statementMap":{"0":{"start":{"line":11,"column":4},"end":{"line":11,"column":17}},"1":{"start":{"line":13,"column":4},"end":{"line":13,"column":53}},"2":{"start":{"line":14,"column":4},"end":{"line":14,"column":51}},"3":{"start":{"line":15,"column":4},"end":{"line":15,"column":55}},"4":{"start":{"line":16,"column":4},"end":{"line":16,"column":59}},"5":{"start":{"line":18,"column":4},"end":{"line":20,"column":6}},"6":{"start":{"line":24,"column":40},"end":{"line":24,"column":45}},"7":{"start":{"line":25,"column":4},"end":{"line":27,"column":5}},"8":{"start":{"line":26,"column":6},"end":{"line":26,"column":59}},"9":{"start":{"line":26,"column":33},"end":{"line":26,"column":58}},"10":{"start":{"line":31,"column":4},"end":{"line":31,"column":48}},"11":{"start":{"line":35,"column":20},"end":{"line":37,"column":5}},"12":{"start":{"line":38,"column":4},"end":{"line":38,"column":34}},"13":{"start":{"line":42,"column":4},"end":{"line":42,"column":31}},"14":{"start":{"line":46,"column":20},"end":{"line":48,"column":5}},"15":{"start":{"line":49,"column":4},"end":{"line":49,"column":36}},"16":{"start":{"line":53,"column":52},"end":{"line":53,"column":62}},"17":{"start":{"line":54,"column":21},"end":{"line":54,"column":31}},"18":{"start":{"line":56,"column":21},"end":{"line":56,"column":58}},"19":{"start":{"line":58,"column":19},"end":{"line":70,"column":7}},"20":{"start":{"line":60,"column":8},"end":{"line":69,"column":17}},"21":{"start":{"line":72,"column":4},"end":{"line":125,"column":6}},"22":{"start":{"line":106,"column":29},"end":{"line":106,"column":50}},"23":{"start":{"line":129,"column":0},"end":{"line":130,"column":2}},"24":{"start":{"line":132,"column":0},"end":{"line":135,"column":2}},"25":{"start":{"line":137,"column":24},"end":{"line":141,"column":2}},"26":{"start":{"line":137,"column":34},"end":{"line":141,"column":1}},"27":{"start":{"line":143,"column":27},"end":{"line":146,"column":1}}},"fnMap":{"0":{"name":"(anonymous_0)","decl":{"start":{"line":10,"column":2},"end":{"line":10,"column":3}},"loc":{"start":{"line":10,"column":21},"end":{"line":21,"column":3}},"line":10},"1":{"name":"(anonymous_1)","decl":{"start":{"line":23,"column":2},"end":{"line":23,"column":3}},"loc":{"start":{"line":23,"column":28},"end":{"line":28,"column":3}},"line":23},"2":{"name":"(anonymous_2)","decl":{"start":{"line":26,"column":24},"end":{"line":26,"column":25}},"loc":{"start":{"line":26,"column":33},"end":{"line":26,"column":58}},"line":26},"3":{"name":"(anonymous_3)","decl":{"start":{"line":30,"column":2},"end":{"line":30,"column":3}},"loc":{"start":{"line":30,"column":22},"end":{"line":32,"column":3}},"line":30},"4":{"name":"(anonymous_4)","decl":{"start":{"line":34,"column":2},"end":{"line":34,"column":3}},"loc":{"start":{"line":34,"column":16},"end":{"line":39,"column":3}},"line":34},"5":{"name":"(anonymous_5)","decl":{"start":{"line":41,"column":2},"end":{"line":41,"column":3}},"loc":{"start":{"line":41,"column":20},"end":{"line":43,"column":3}},"line":41},"6":{"name":"(anonymous_6)","decl":{"start":{"line":45,"column":2},"end":{"line":45,"column":3}},"loc":{"start":{"line":45,"column":23},"end":{"line":50,"column":3}},"line":45},"7":{"name":"(anonymous_7)","decl":{"start":{"line":52,"column":2},"end":{"line":52,"column":3}},"loc":{"start":{"line":52,"column":11},"end":{"line":126,"column":3}},"line":52},"8":{"name":"(anonymous_8)","decl":{"start":{"line":58,"column":37},"end":{"line":58,"column":38}},"loc":{"start":{"line":60,"column":8},"end":{"line":69,"column":17}},"line":60},"9":{"name":"(anonymous_9)","decl":{"start":{"line":106,"column":23},"end":{"line":106,"column":24}},"loc":{"start":{"line":106,"column":29},"end":{"line":106,"column":50}},"line":106},"10":{"name":"(anonymous_10)","decl":{"start":{"line":137,"column":24},"end":{"line":137,"column":25}},"loc":{"start":{"line":137,"column":34},"end":{"line":141,"column":1}},"line":137}},"branchMap":{"0":{"loc":{"start":{"line":25,"column":4},"end":{"line":27,"column":5}},"type":"if","locations":[{"start":{"line":25,"column":4},"end":{"line":27,"column":5}},{"start":{"line":25,"column":4},"end":{"line":27,"column":5}}],"line":25},"1":{"loc":{"start":{"line":93,"column":24},"end":{"line":93,"column":55}},"type":"binary-expr","locations":[{"start":{"line":93,"column":24},"end":{"line":93,"column":35}},{"start":{"line":93,"column":39},"end":{"line":93,"column":55}}],"line":93},"2":{"loc":{"start":{"line":121,"column":33},"end":{"line":121,"column":86}},"type":"cond-expr","locations":[{"start":{"line":121,"column":67},"end":{"line":121,"column":68}},{"start":{"line":121,"column":71},"end":{"line":121,"column":86}}],"line":121}},"s":{"0":3,"1":3,"2":3,"3":3,"4":3,"5":3,"6":1,"7":1,"8":0,"9":0,"10":0,"11":0,"12":0,"13":1,"14":0,"15":0,"16":4,"17":4,"18":4,"19":4,"20":0,"21":4,"22":0,"23":1,"24":1,"25":1,"26":0,"27":1},"f":{"0":3,"1":1,"2":0,"3":0,"4":0,"5":1,"6":0,"7":4,"8":0,"9":0,"10":0},"b":{"0":[0,1],"1":[4,0],"2":[1,3]},"_coverageSchema":"43e27e138ebf9cfc5966b082cf9a028302ed4184","hash":"3342f472c66b46bce9cb86c03c69bf2de34c0d83"}
,"/home/adam/Desktop/projects/lenses/src/redux/reducers/sessionReducer.js": {"path":"/home/adam/Desktop/projects/lenses/src/redux/reducers/sessionReducer.js","statementMap":{"0":{"start":{"line":5,"column":29},"end":{"line":13,"column":1}},"1":{"start":{"line":15,"column":21},"end":{"line":15,"column":90}},"2":{"start":{"line":15,"column":40},"end":{"line":15,"column":90}},"3":{"start":{"line":16,"column":25},"end":{"line":16,"column":98}},"4":{"start":{"line":16,"column":44},"end":{"line":16,"column":98}},"5":{"start":{"line":17,"column":21},"end":{"line":17,"column":90}},"6":{"start":{"line":17,"column":40},"end":{"line":17,"column":90}},"7":{"start":{"line":18,"column":25},"end":{"line":18,"column":98}},"8":{"start":{"line":18,"column":44},"end":{"line":18,"column":98}},"9":{"start":{"line":19,"column":24},"end":{"line":19,"column":85}},"10":{"start":{"line":19,"column":43},"end":{"line":19,"column":85}},"11":{"start":{"line":20,"column":25},"end":{"line":20,"column":97}},"12":{"start":{"line":20,"column":44},"end":{"line":20,"column":97}},"13":{"start":{"line":22,"column":25},"end":{"line":23,"column":24}},"14":{"start":{"line":22,"column":34},"end":{"line":23,"column":24}},"15":{"start":{"line":24,"column":25},"end":{"line":25,"column":47}},"16":{"start":{"line":24,"column":34},"end":{"line":25,"column":47}},"17":{"start":{"line":26,"column":23},"end":{"line":31,"column":1}},"18":{"start":{"line":27,"column":17},"end":{"line":27,"column":65}},"19":{"start":{"line":29,"column":2},"end":{"line":30,"column":51}},"20":{"start":{"line":34,"column":24},"end":{"line":44,"column":1}},"21":{"start":{"line":46,"column":30},"end":{"line":46,"column":75}}},"fnMap":{"0":{"name":"(anonymous_0)","decl":{"start":{"line":15,"column":21},"end":{"line":15,"column":22}},"loc":{"start":{"line":15,"column":40},"end":{"line":15,"column":90}},"line":15},"1":{"name":"(anonymous_1)","decl":{"start":{"line":16,"column":25},"end":{"line":16,"column":26}},"loc":{"start":{"line":16,"column":44},"end":{"line":16,"column":98}},"line":16},"2":{"name":"(anonymous_2)","decl":{"start":{"line":17,"column":21},"end":{"line":17,"column":22}},"loc":{"start":{"line":17,"column":40},"end":{"line":17,"column":90}},"line":17},"3":{"name":"(anonymous_3)","decl":{"start":{"line":18,"column":25},"end":{"line":18,"column":26}},"loc":{"start":{"line":18,"column":44},"end":{"line":18,"column":98}},"line":18},"4":{"name":"(anonymous_4)","decl":{"start":{"line":19,"column":24},"end":{"line":19,"column":25}},"loc":{"start":{"line":19,"column":43},"end":{"line":19,"column":85}},"line":19},"5":{"name":"(anonymous_5)","decl":{"start":{"line":20,"column":25},"end":{"line":20,"column":26}},"loc":{"start":{"line":20,"column":44},"end":{"line":20,"column":97}},"line":20},"6":{"name":"(anonymous_6)","decl":{"start":{"line":22,"column":25},"end":{"line":22,"column":26}},"loc":{"start":{"line":22,"column":34},"end":{"line":23,"column":24}},"line":22},"7":{"name":"(anonymous_7)","decl":{"start":{"line":24,"column":25},"end":{"line":24,"column":26}},"loc":{"start":{"line":24,"column":34},"end":{"line":25,"column":47}},"line":24},"8":{"name":"(anonymous_8)","decl":{"start":{"line":26,"column":23},"end":{"line":26,"column":24}},"loc":{"start":{"line":26,"column":42},"end":{"line":31,"column":1}},"line":26}},"branchMap":{"0":{"loc":{"start":{"line":27,"column":17},"end":{"line":27,"column":65}},"type":"binary-expr","locations":[{"start":{"line":27,"column":18},"end":{"line":27,"column":32}},{"start":{"line":27,"column":36},"end":{"line":27,"column":58}},{"start":{"line":27,"column":63},"end":{"line":27,"column":65}}],"line":27}},"s":{"0":1,"1":1,"2":0,"3":1,"4":0,"5":1,"6":0,"7":1,"8":0,"9":1,"10":1,"11":1,"12":0,"13":1,"14":0,"15":1,"16":0,"17":1,"18":1,"19":1,"20":1,"21":1},"f":{"0":0,"1":0,"2":0,"3":0,"4":1,"5":0,"6":0,"7":0,"8":1},"b":{"0":[1,1,0]},"_coverageSchema":"43e27e138ebf9cfc5966b082cf9a028302ed4184","hash":"85ffe5ce3772cab483314e3ecc5d456e0cfe45ab"}
,"/home/adam/Desktop/projects/lenses/src/redux/util/index.js": {"path":"/home/adam/Desktop/projects/lenses/src/redux/util/index.js","statementMap":{"0":{"start":{"line":1,"column":29},"end":{"line":1,"column":33}}},"fnMap":{},"branchMap":{},"s":{"0":1},"f":{},"b":{},"_coverageSchema":"43e27e138ebf9cfc5966b082cf9a028302ed4184","hash":"f4ae89a1b3a86321fadf8d98e03ef4b713b474cc"}
}
