TN:
SF:/home/adam/Desktop/projects/lenses/src/redux/actions/index.js
FN:12,(anonymous_0)
FN:13,(anonymous_1)
FN:14,(anonymous_2)
FN:15,(anonymous_3)
FN:16,(anonymous_4)
FN:17,(anonymous_5)
FNF:6
FNH:1
FNDA:0,(anonymous_0)
FNDA:0,(anonymous_1)
FNDA:0,(anonymous_2)
FNDA:0,(anonymous_3)
FNDA:1,(anonymous_4)
FNDA:0,(anonymous_5)
DA:3,2
DA:12,2
DA:13,2
DA:14,2
DA:15,2
DA:16,2
DA:17,2
DA:19,2
LF:8
LH:8
BRF:0
BRH:0
end_of_record
TN:
SF:/home/adam/Desktop/projects/lenses/src/redux/components/Subscribe.jsx
FN:10,(anonymous_0)
FN:23,(anonymous_1)
FN:26,(anonymous_2)
FN:30,(anonymous_3)
FN:34,(anonymous_4)
FN:41,(anonymous_5)
FN:45,(anonymous_6)
FN:52,(anonymous_7)
FN:58,(anonymous_8)
FN:106,(anonymous_9)
FN:137,(anonymous_10)
FNF:11
FNH:4
FNDA:3,(anonymous_0)
FNDA:1,(anonymous_1)
FNDA:0,(anonymous_2)
FNDA:0,(anonymous_3)
FNDA:0,(anonymous_4)
FNDA:1,(anonymous_5)
FNDA:0,(anonymous_6)
FNDA:4,(anonymous_7)
FNDA:0,(anonymous_8)
FNDA:0,(anonymous_9)
FNDA:0,(anonymous_10)
DA:11,3
DA:13,3
DA:14,3
DA:15,3
DA:16,3
DA:18,3
DA:24,1
DA:25,1
DA:26,0
DA:31,0
DA:35,0
DA:38,0
DA:42,1
DA:46,0
DA:49,0
DA:53,4
DA:54,4
DA:56,4
DA:58,4
DA:60,0
DA:72,4
DA:106,0
DA:129,1
DA:132,1
DA:137,1
DA:143,1
LF:26
LH:18
BRDA:25,0,0,0
BRDA:25,0,1,1
BRDA:93,1,0,4
BRDA:93,1,1,0
BRDA:121,2,0,1
BRDA:121,2,1,3
BRF:6
BRH:4
end_of_record
TN:
SF:/home/adam/Desktop/projects/lenses/src/redux/reducers/sessionReducer.js
FN:15,(anonymous_0)
FN:16,(anonymous_1)
FN:17,(anonymous_2)
FN:18,(anonymous_3)
FN:19,(anonymous_4)
FN:20,(anonymous_5)
FN:22,(anonymous_6)
FN:24,(anonymous_7)
FN:26,(anonymous_8)
FNF:9
FNH:2
FNDA:0,(anonymous_0)
FNDA:0,(anonymous_1)
FNDA:0,(anonymous_2)
FNDA:0,(anonymous_3)
FNDA:1,(anonymous_4)
FNDA:0,(anonymous_5)
FNDA:0,(anonymous_6)
FNDA:0,(anonymous_7)
FNDA:1,(anonymous_8)
DA:5,1
DA:15,1
DA:16,1
DA:17,1
DA:18,1
DA:19,1
DA:20,1
DA:22,1
DA:24,1
DA:26,1
DA:27,1
DA:29,1
DA:34,1
DA:46,1
LF:14
LH:14
BRDA:27,0,0,1
BRDA:27,0,1,1
BRDA:27,0,2,0
BRF:3
BRH:2
end_of_record
TN:
SF:/home/adam/Desktop/projects/lenses/src/redux/util/index.js
FNF:0
FNH:0
DA:1,1
LF:1
LH:1
BRF:0
BRH:0
end_of_record
